Build started 6/25/2013 1:07:48 PM.
     1>Project "C:\Users\Gary\Dropbox\name_randomizer\name_randomizer\name_randomizer.vcxproj" on node 2 (build target(s)).
     1>InitializeBuildStatus:
         Creating "Debug\name_randomizer.unsuccessfulbuild" because "AlwaysCreate" was specified.
       ClCompile:
         c:\Program Files (x86)\Microsoft Visual Studio 10.0\VC\bin\CL.exe /c /ZI /nologo /W3 /WX- /Od /Oy- /D WIN32 /D _DEBUG /D _CONSOLE /D _UNICODE /D UNICODE /Gm /EHsc /RTC1 /MDd /GS /fp:precise /Zc:wchar_t /Zc:forScope /Fo"Debug\\" /Fd"Debug\vc100.pdb" /Gd /TP /analyze- /errorReport:prompt main.cc
         main.cc
     1>c:\users\gary\dropbox\name_randomizer\name_randomizer\main.cc(9): warning C4244: 'argument' : conversion from 'time_t' to 'unsigned int', possible loss of data
     1>c:\users\gary\dropbox\name_randomizer\name_randomizer\main.cc(27): warning C4018: '<=' : signed/unsigned mismatch
     1>c:\users\gary\dropbox\name_randomizer\name_randomizer\main.cc(28): warning C4018: '>' : signed/unsigned mismatch
     1>c:\users\gary\dropbox\name_randomizer\name_randomizer\main.cc(38): warning C4018: '<' : signed/unsigned mismatch
       ManifestResourceCompile:
         All outputs are up-to-date.
       Link:
         c:\Program Files (x86)\Microsoft Visual Studio 10.0\VC\bin\link.exe /ERRORREPORT:PROMPT /OUT:"C:\Users\Gary\Dropbox\name_randomizer\Debug\name_randomizer.exe" /INCREMENTAL /NOLOGO kernel32.lib user32.lib gdi32.lib winspool.lib comdlg32.lib advapi32.lib shell32.lib ole32.lib oleaut32.lib uuid.lib odbc32.lib odbccp32.lib /MANIFEST /ManifestFile:"Debug\name_randomizer.exe.intermediate.manifest" /MANIFESTUAC:"level='asInvoker' uiAccess='false'" /DEBUG /PDB:"C:\Users\Gary\Dropbox\name_randomizer\Debug\name_randomizer.pdb" /SUBSYSTEM:CONSOLE /TLBID:1 /DYNAMICBASE /NXCOMPAT /IMPLIB:"C:\Users\Gary\Dropbox\name_randomizer\Debug\name_randomizer.lib" /MACHINE:X86 Debug\name_randomizer.exe.embed.manifest.res
         Debug\main.obj
       Manifest:
         C:\Program Files (x86)\Microsoft SDKs\Windows\v7.0A\bin\mt.exe /nologo /verbose /out:"Debug\name_randomizer.exe.embed.manifest" /manifest Debug\name_randomizer.exe.intermediate.manifest
         All outputs are up-to-date.
       LinkEmbedManifest:
         All outputs are up-to-date.
         name_randomizer.vcxproj -> C:\Users\Gary\Dropbox\name_randomizer\Debug\name_randomizer.exe
       FinalizeBuildStatus:
         Deleting file "Debug\name_randomizer.unsuccessfulbuild".
         Touching "Debug\name_randomizer.lastbuildstate".
     1>Done Building Project "C:\Users\Gary\Dropbox\name_randomizer\name_randomizer\name_randomizer.vcxproj" (build target(s)).

Build succeeded.

Time Elapsed 00:00:00.58
